***********************************************************************
15:22:22
输出信息：错误信息
异常信息：
豪R发放完成！
***********************************************************************
15:22:22
输出信息：错误信息
异常信息：
大R发放完成！
***********************************************************************
15:22:22
输出信息：错误信息
异常信息：
中R发放完成！
***********************************************************************
15:22:22
输出信息：错误信息
异常信息：
小R发放完成！
***********************************************************************
15:22:22
输出信息：错误信息
异常信息：
非R发放完成！
